<?xml version="1.0" encoding="UTF-8"?>
<testsuite xmlns:xsi="http://www.w3.org/2001/XMLSchema-instance" xsi:noNamespaceSchemaLocation="https://maven.apache.org/surefire/maven-surefire-plugin/xsd/surefire-test-report.xsd" name="UserCreateTest" time="6.335" tests="3" errors="0" skipped="0" failures="0">
  <properties>
[...]
</properties>
  <testcase name="createUserEmptyName" classname="UserCreateTest" time="1.181"/>
  <testcase name="createUserAlreadyExistsTest" classname="UserCreateTest" time="2.188"/>
  <testcase name="createUniqueUserTest" classname="UserCreateTest" time="2.962"/>
</testsuite>